2019-09-02 18:26:51,706 [Worker-4: Loading available Gradle versions] INFO  o.e.b.c.i.u.g.PublishedGradleVersions - Gradle version information cache is up-to-date. Trying to read.
2019-09-02 18:31:03,861 [Worker-1: Loading available Gradle versions] INFO  o.e.b.c.i.u.g.PublishedGradleVersions - Gradle version information cache is up-to-date. Trying to read.
2019-09-02 18:37:48,851 [Worker-4: Loading available Gradle versions] INFO  o.e.b.c.i.u.g.PublishedGradleVersions - Gradle version information cache is up-to-date. Trying to read.
2019-09-02 18:49:13,783 [Worker-4: Loading available Gradle versions] INFO  o.e.b.c.i.u.g.PublishedGradleVersions - Gradle version information cache is up-to-date. Trying to read.
2019-09-02 19:03:47,132 [Worker-4: Loading available Gradle versions] INFO  o.e.b.c.i.u.g.PublishedGradleVersions - Gradle version information cache is up-to-date. Trying to read.
2019-09-02 19:05:55,467 [Worker-5: Loading available Gradle versions] INFO  o.e.b.c.i.u.g.PublishedGradleVersions - Gradle version information cache is up-to-date. Trying to read.
2019-09-02 19:11:32,616 [Worker-0: Loading available Gradle versions] INFO  o.e.b.c.i.u.g.PublishedGradleVersions - Gradle version information cache is up-to-date. Trying to read.
2019-09-02 19:13:42,720 [Worker-7: Loading available Gradle versions] INFO  o.e.b.c.i.u.g.PublishedGradleVersions - Gradle version information cache is up-to-date. Trying to read.
2019-09-02 19:23:30,722 [Worker-20: Updating Maven Dependencies] INFO  o.e.m.c.i.l.LifecycleMappingFactory - Using org.maven.ide.eclipse.wtp.WarLifecycleMapping lifecycle mapping for MavenProject: com.liu.SSM:SSM_blog:0.0.1-SNAPSHOT @ /Users/wangmeng/Workspaces/MyEclipse CI/Blog-master/pom.xml.
2019-09-02 19:23:31,408 [Worker-21: 构建工作空间] INFO  o.e.m.c.i.l.LifecycleMappingFactory - Using org.maven.ide.eclipse.wtp.WarLifecycleMapping lifecycle mapping for MavenProject: com.liu.SSM:SSM_blog:0.0.1-SNAPSHOT @ /Users/wangmeng/Workspaces/MyEclipse CI/Blog-master/pom.xml.
2019-09-02 19:23:34,192 [Worker-21: 构建工作空间] WARN  o.e.m.c.i.embedder.EclipseLogger - Using platform encoding (UTF-8 actually) to copy filtered resources, i.e. build is platform dependent!
2019-09-02 19:23:34,200 [Worker-21: 构建工作空间] INFO  o.e.m.c.i.embedder.EclipseLogger - Copying 6 resources
2019-09-02 19:23:34,218 [Worker-21: 构建工作空间] WARN  o.e.m.c.i.embedder.EclipseLogger - Using platform encoding (UTF-8 actually) to copy filtered resources, i.e. build is platform dependent!
2019-09-02 19:23:34,219 [Worker-21: 构建工作空间] INFO  o.e.m.c.i.embedder.EclipseLogger - skip non existing resourceDirectory /Users/wangmeng/Workspaces/MyEclipse CI/Blog-master/src/test/resources
2019-09-02 19:23:36,428 [Worker-17: Updating Maven Dependencies] INFO  o.e.m.c.i.l.LifecycleMappingFactory - Using org.maven.ide.eclipse.wtp.WarLifecycleMapping lifecycle mapping for MavenProject: com.liu.SSM:SSM_blog:0.0.1-SNAPSHOT @ /Users/wangmeng/Workspaces/MyEclipse CI/Blog-master/pom.xml.
2019-09-02 19:23:37,493 [Worker-20: 构建工作空间] WARN  o.e.m.c.i.embedder.EclipseLogger - Using platform encoding (UTF-8 actually) to copy filtered resources, i.e. build is platform dependent!
2019-09-02 19:23:37,512 [Worker-20: 构建工作空间] INFO  o.e.m.c.i.embedder.EclipseLogger - Copying 6 resources
2019-09-02 19:23:37,533 [Worker-20: 构建工作空间] WARN  o.e.m.c.i.embedder.EclipseLogger - Using platform encoding (UTF-8 actually) to copy filtered resources, i.e. build is platform dependent!
2019-09-02 19:23:37,535 [Worker-20: 构建工作空间] INFO  o.e.m.c.i.embedder.EclipseLogger - skip non existing resourceDirectory /Users/wangmeng/Workspaces/MyEclipse CI/Blog-master/src/test/resources
2019-09-02 19:23:39,198 [Worker-15: 构建工作空间] WARN  o.e.m.c.i.embedder.EclipseLogger - Using platform encoding (UTF-8 actually) to copy filtered resources, i.e. build is platform dependent!
2019-09-02 19:23:39,200 [Worker-15: 构建工作空间] INFO  o.e.m.c.i.embedder.EclipseLogger - Copying 0 resource
2019-09-02 19:23:39,206 [Worker-15: 构建工作空间] WARN  o.e.m.c.i.embedder.EclipseLogger - Using platform encoding (UTF-8 actually) to copy filtered resources, i.e. build is platform dependent!
2019-09-02 19:23:39,207 [Worker-15: 构建工作空间] INFO  o.e.m.c.i.embedder.EclipseLogger - skip non existing resourceDirectory /Users/wangmeng/Workspaces/MyEclipse CI/Blog-master/src/test/resources
2019-09-02 19:24:00,302 [Worker-15: 构建工作空间] WARN  o.e.m.c.i.embedder.EclipseLogger - Using platform encoding (UTF-8 actually) to copy filtered resources, i.e. build is platform dependent!
2019-09-02 19:24:00,304 [Worker-15: 构建工作空间] INFO  o.e.m.c.i.embedder.EclipseLogger - Copying 0 resource
2019-09-02 19:24:00,306 [Worker-15: 构建工作空间] WARN  o.e.m.c.i.embedder.EclipseLogger - Using platform encoding (UTF-8 actually) to copy filtered resources, i.e. build is platform dependent!
2019-09-02 19:24:00,307 [Worker-15: 构建工作空间] INFO  o.e.m.c.i.embedder.EclipseLogger - skip non existing resourceDirectory /Users/wangmeng/Workspaces/MyEclipse CI/Blog-master/src/test/resources
2019-09-02 19:25:54,188 [Worker-19: 构建工作空间] WARN  o.e.m.c.i.embedder.EclipseLogger - Using platform encoding (UTF-8 actually) to copy filtered resources, i.e. build is platform dependent!
2019-09-02 19:25:54,189 [Worker-19: 构建工作空间] INFO  o.e.m.c.i.embedder.EclipseLogger - Copying 0 resource
2019-09-02 19:25:54,190 [Worker-19: 构建工作空间] WARN  o.e.m.c.i.embedder.EclipseLogger - Using platform encoding (UTF-8 actually) to copy filtered resources, i.e. build is platform dependent!
2019-09-02 19:25:54,191 [Worker-19: 构建工作空间] INFO  o.e.m.c.i.embedder.EclipseLogger - skip non existing resourceDirectory /Users/wangmeng/Workspaces/MyEclipse CI/Blog-master/src/test/resources
2019-09-02 19:26:00,802 [Worker-4: 构建工作空间] WARN  o.e.m.c.i.embedder.EclipseLogger - Using platform encoding (UTF-8 actually) to copy filtered resources, i.e. build is platform dependent!
2019-09-02 19:26:00,804 [Worker-4: 构建工作空间] INFO  o.e.m.c.i.embedder.EclipseLogger - Copying 6 resources
2019-09-02 19:26:00,806 [Worker-4: 构建工作空间] WARN  o.e.m.c.i.embedder.EclipseLogger - Using platform encoding (UTF-8 actually) to copy filtered resources, i.e. build is platform dependent!
2019-09-02 19:26:00,807 [Worker-4: 构建工作空间] INFO  o.e.m.c.i.embedder.EclipseLogger - skip non existing resourceDirectory /Users/wangmeng/Workspaces/MyEclipse CI/Blog-master/src/test/resources
2019-09-02 19:53:25,308 [Worker-31: 构建工作空间] WARN  o.e.m.c.i.embedder.EclipseLogger - Using platform encoding (UTF-8 actually) to copy filtered resources, i.e. build is platform dependent!
2019-09-02 19:53:25,310 [Worker-31: 构建工作空间] INFO  o.e.m.c.i.embedder.EclipseLogger - Copying 6 resources
2019-09-02 19:53:25,317 [Worker-31: 构建工作空间] WARN  o.e.m.c.i.embedder.EclipseLogger - Using platform encoding (UTF-8 actually) to copy filtered resources, i.e. build is platform dependent!
2019-09-02 19:53:25,318 [Worker-31: 构建工作空间] INFO  o.e.m.c.i.embedder.EclipseLogger - skip non existing resourceDirectory /Users/wangmeng/Workspaces/MyEclipse CI/Blog-master/src/test/resources
2019-09-02 20:09:26,880 [Worker-35: 构建工作空间] WARN  o.e.m.c.i.embedder.EclipseLogger - Using platform encoding (UTF-8 actually) to copy filtered resources, i.e. build is platform dependent!
2019-09-02 20:09:26,883 [Worker-35: 构建工作空间] INFO  o.e.m.c.i.embedder.EclipseLogger - Copying 6 resources
2019-09-02 20:09:26,886 [Worker-35: 构建工作空间] WARN  o.e.m.c.i.embedder.EclipseLogger - Using platform encoding (UTF-8 actually) to copy filtered resources, i.e. build is platform dependent!
2019-09-02 20:09:26,887 [Worker-35: 构建工作空间] INFO  o.e.m.c.i.embedder.EclipseLogger - skip non existing resourceDirectory /Users/wangmeng/Workspaces/MyEclipse CI/Blog-master/src/test/resources
2019-09-02 20:10:09,003 [Worker-34: 构建工作空间] WARN  o.e.m.c.i.embedder.EclipseLogger - Using platform encoding (UTF-8 actually) to copy filtered resources, i.e. build is platform dependent!
2019-09-02 20:10:09,005 [Worker-34: 构建工作空间] INFO  o.e.m.c.i.embedder.EclipseLogger - Copying 6 resources
2019-09-02 20:10:09,008 [Worker-34: 构建工作空间] WARN  o.e.m.c.i.embedder.EclipseLogger - Using platform encoding (UTF-8 actually) to copy filtered resources, i.e. build is platform dependent!
2019-09-02 20:10:09,009 [Worker-34: 构建工作空间] INFO  o.e.m.c.i.embedder.EclipseLogger - skip non existing resourceDirectory /Users/wangmeng/Workspaces/MyEclipse CI/Blog-master/src/test/resources
2019-09-02 20:11:00,695 [Worker-35: Updating Maven Dependencies] ERROR o.e.m.j.i.l.MavenLaunchConfigurationListener - 启动配置 AuthenticatedUserRealm 引用不存在的项目 SSM_blog。
org.eclipse.core.runtime.CoreException: 启动配置 AuthenticatedUserRealm 引用不存在的项目 SSM_blog。
	at org.eclipse.jdt.launching.JavaRuntime.abort(JavaRuntime.java:1838) ~[na:na]
	at org.eclipse.jdt.launching.JavaRuntime.getJavaProject(JavaRuntime.java:1713) ~[na:na]
	at org.eclipse.m2e.jdt.internal.launch.MavenLaunchConfigurationListener.updateLaunchConfiguration(MavenLaunchConfigurationListener.java:53) ~[na:na]
	at org.eclipse.m2e.jdt.internal.launch.MavenLaunchConfigurationListener.launchConfigurationChanged(MavenLaunchConfigurationListener.java:38) ~[na:na]
	at org.eclipse.debug.internal.core.LaunchManager$ConfigurationNotifier.run(LaunchManager.java:225) ~[na:na]
	at org.eclipse.core.runtime.SafeRunner.run(SafeRunner.java:45) ~[org.eclipse.equinox.common_3.10.400.v20190516-1504.jar:na]
	at org.eclipse.debug.internal.core.LaunchManager$ConfigurationNotifier.notify(LaunchManager.java:209) ~[na:na]
	at org.eclipse.debug.internal.core.LaunchConfigurationWorkingCopy.setDirty(LaunchConfigurationWorkingCopy.java:528) ~[na:na]
	at org.eclipse.debug.internal.core.LaunchConfigurationWorkingCopy.setAttribute(LaunchConfigurationWorkingCopy.java:416) ~[na:na]
	at org.eclipse.m2e.jdt.internal.launch.MavenRuntimeClasspathProvider.disable(MavenRuntimeClasspathProvider.java:352) ~[na:na]
	at org.eclipse.m2e.jdt.internal.launch.MavenRuntimeClasspathProvider.disable(MavenRuntimeClasspathProvider.java:378) ~[na:na]
	at org.eclipse.m2e.jdt.internal.launch.MavenLaunchConfigurationListener.mavenProjectChanged(MavenLaunchConfigurationListener.java:70) ~[na:na]
	at org.eclipse.m2e.core.internal.project.registry.ProjectRegistryManager.notifyProjectChangeListeners(ProjectRegistryManager.java:825) ~[na:na]
	at org.eclipse.m2e.core.internal.project.registry.ProjectRegistryManager.applyMutableProjectRegistry(ProjectRegistryManager.java:989) ~[na:na]
	at org.eclipse.m2e.core.internal.project.registry.ProjectRegistryRefreshJob.lambda$0(ProjectRegistryRefreshJob.java:147) ~[na:na]
	at org.eclipse.m2e.core.internal.embedder.MavenExecutionContext.executeBare(MavenExecutionContext.java:177) ~[na:na]
	at org.eclipse.m2e.core.internal.embedder.MavenExecutionContext.execute(MavenExecutionContext.java:151) ~[na:na]
	at org.eclipse.m2e.core.internal.embedder.MavenExecutionContext.execute(MavenExecutionContext.java:99) ~[na:na]
	at org.eclipse.m2e.core.internal.embedder.MavenImpl.execute(MavenImpl.java:1374) ~[na:na]
	at org.eclipse.m2e.core.internal.project.registry.ProjectRegistryRefreshJob.run(ProjectRegistryRefreshJob.java:82) ~[na:na]
	at org.eclipse.core.internal.jobs.Worker.run(Worker.java:63) ~[org.eclipse.core.jobs_3.10.400.v20190506-1457.jar:na]
2019-09-02 20:11:00,705 [Worker-35: Updating Maven Dependencies] ERROR o.e.m.j.i.l.MavenLaunchConfigurationListener - 启动配置 AuthenticatedUserRealm 引用不存在的项目 SSM_blog。
org.eclipse.core.runtime.CoreException: 启动配置 AuthenticatedUserRealm 引用不存在的项目 SSM_blog。
	at org.eclipse.jdt.launching.JavaRuntime.abort(JavaRuntime.java:1838) ~[na:na]
	at org.eclipse.jdt.launching.JavaRuntime.getJavaProject(JavaRuntime.java:1713) ~[na:na]
	at org.eclipse.m2e.jdt.internal.launch.MavenLaunchConfigurationListener.updateLaunchConfiguration(MavenLaunchConfigurationListener.java:53) ~[na:na]
	at org.eclipse.m2e.jdt.internal.launch.MavenLaunchConfigurationListener.launchConfigurationChanged(MavenLaunchConfigurationListener.java:38) ~[na:na]
	at org.eclipse.debug.internal.core.LaunchManager$ConfigurationNotifier.run(LaunchManager.java:225) ~[na:na]
	at org.eclipse.core.runtime.SafeRunner.run(SafeRunner.java:45) ~[org.eclipse.equinox.common_3.10.400.v20190516-1504.jar:na]
	at org.eclipse.debug.internal.core.LaunchManager$ConfigurationNotifier.notify(LaunchManager.java:209) ~[na:na]
	at org.eclipse.debug.internal.core.LaunchConfigurationWorkingCopy.setDirty(LaunchConfigurationWorkingCopy.java:528) ~[na:na]
	at org.eclipse.debug.internal.core.LaunchConfigurationWorkingCopy.setAttribute(LaunchConfigurationWorkingCopy.java:416) ~[na:na]
	at org.eclipse.m2e.jdt.internal.launch.MavenRuntimeClasspathProvider.disable(MavenRuntimeClasspathProvider.java:353) ~[na:na]
	at org.eclipse.m2e.jdt.internal.launch.MavenRuntimeClasspathProvider.disable(MavenRuntimeClasspathProvider.java:378) ~[na:na]
	at org.eclipse.m2e.jdt.internal.launch.MavenLaunchConfigurationListener.mavenProjectChanged(MavenLaunchConfigurationListener.java:70) ~[na:na]
	at org.eclipse.m2e.core.internal.project.registry.ProjectRegistryManager.notifyProjectChangeListeners(ProjectRegistryManager.java:825) ~[na:na]
	at org.eclipse.m2e.core.internal.project.registry.ProjectRegistryManager.applyMutableProjectRegistry(ProjectRegistryManager.java:989) ~[na:na]
	at org.eclipse.m2e.core.internal.project.registry.ProjectRegistryRefreshJob.lambda$0(ProjectRegistryRefreshJob.java:147) ~[na:na]
	at org.eclipse.m2e.core.internal.embedder.MavenExecutionContext.executeBare(MavenExecutionContext.java:177) ~[na:na]
	at org.eclipse.m2e.core.internal.embedder.MavenExecutionContext.execute(MavenExecutionContext.java:151) ~[na:na]
	at org.eclipse.m2e.core.internal.embedder.MavenExecutionContext.execute(MavenExecutionContext.java:99) ~[na:na]
	at org.eclipse.m2e.core.internal.embedder.MavenImpl.execute(MavenImpl.java:1374) ~[na:na]
	at org.eclipse.m2e.core.internal.project.registry.ProjectRegistryRefreshJob.run(ProjectRegistryRefreshJob.java:82) ~[na:na]
	at org.eclipse.core.internal.jobs.Worker.run(Worker.java:63) ~[org.eclipse.core.jobs_3.10.400.v20190506-1457.jar:na]
2019-09-02 20:11:00,712 [Worker-35: Updating Maven Dependencies] ERROR o.e.m.j.i.l.MavenLaunchConfigurationListener - 启动配置 AuthenticatedUserRealm 引用不存在的项目 SSM_blog。
org.eclipse.core.runtime.CoreException: 启动配置 AuthenticatedUserRealm 引用不存在的项目 SSM_blog。
	at org.eclipse.jdt.launching.JavaRuntime.abort(JavaRuntime.java:1838) ~[na:na]
	at org.eclipse.jdt.launching.JavaRuntime.getJavaProject(JavaRuntime.java:1713) ~[na:na]
	at org.eclipse.m2e.jdt.internal.launch.MavenLaunchConfigurationListener.updateLaunchConfiguration(MavenLaunchConfigurationListener.java:53) ~[na:na]
	at org.eclipse.m2e.jdt.internal.launch.MavenLaunchConfigurationListener.launchConfigurationChanged(MavenLaunchConfigurationListener.java:38) ~[na:na]
	at org.eclipse.debug.internal.core.LaunchManager$ConfigurationNotifier.run(LaunchManager.java:225) ~[na:na]
	at org.eclipse.core.runtime.SafeRunner.run(SafeRunner.java:45) ~[org.eclipse.equinox.common_3.10.400.v20190516-1504.jar:na]
	at org.eclipse.debug.internal.core.LaunchManager$ConfigurationNotifier.notify(LaunchManager.java:209) ~[na:na]
	at org.eclipse.debug.internal.core.LaunchManager.launchConfigurationChanged(LaunchManager.java:2151) ~[na:na]
	at org.eclipse.debug.internal.core.LaunchConfigurationWorkingCopy.writeNewFile(LaunchConfigurationWorkingCopy.java:381) ~[na:na]
	at org.eclipse.debug.internal.core.LaunchConfigurationWorkingCopy.doSave0(LaunchConfigurationWorkingCopy.java:258) ~[na:na]
	at org.eclipse.debug.internal.core.LaunchConfigurationWorkingCopy.doSave(LaunchConfigurationWorkingCopy.java:228) ~[na:na]
	at org.eclipse.debug.internal.core.LaunchConfigurationWorkingCopy.doSave(LaunchConfigurationWorkingCopy.java:186) ~[na:na]
	at org.eclipse.m2e.jdt.internal.launch.MavenRuntimeClasspathProvider.disable(MavenRuntimeClasspathProvider.java:354) ~[na:na]
	at org.eclipse.m2e.jdt.internal.launch.MavenRuntimeClasspathProvider.disable(MavenRuntimeClasspathProvider.java:378) ~[na:na]
	at org.eclipse.m2e.jdt.internal.launch.MavenLaunchConfigurationListener.mavenProjectChanged(MavenLaunchConfigurationListener.java:70) ~[na:na]
	at org.eclipse.m2e.core.internal.project.registry.ProjectRegistryManager.notifyProjectChangeListeners(ProjectRegistryManager.java:825) ~[na:na]
	at org.eclipse.m2e.core.internal.project.registry.ProjectRegistryManager.applyMutableProjectRegistry(ProjectRegistryManager.java:989) ~[na:na]
	at org.eclipse.m2e.core.internal.project.registry.ProjectRegistryRefreshJob.lambda$0(ProjectRegistryRefreshJob.java:147) ~[na:na]
	at org.eclipse.m2e.core.internal.embedder.MavenExecutionContext.executeBare(MavenExecutionContext.java:177) ~[na:na]
	at org.eclipse.m2e.core.internal.embedder.MavenExecutionContext.execute(MavenExecutionContext.java:151) ~[na:na]
	at org.eclipse.m2e.core.internal.embedder.MavenExecutionContext.execute(MavenExecutionContext.java:99) ~[na:na]
	at org.eclipse.m2e.core.internal.embedder.MavenImpl.execute(MavenImpl.java:1374) ~[na:na]
	at org.eclipse.m2e.core.internal.project.registry.ProjectRegistryRefreshJob.run(ProjectRegistryRefreshJob.java:82) ~[na:na]
	at org.eclipse.core.internal.jobs.Worker.run(Worker.java:63) ~[org.eclipse.core.jobs_3.10.400.v20190506-1457.jar:na]
2019-09-02 20:56:33,277 [Worker-3: Loading available Gradle versions] INFO  o.e.b.c.i.u.g.PublishedGradleVersions - Gradle version information cache is up-to-date. Trying to read.
2019-09-02 20:57:48,282 [Worker-9: Updating Maven Dependencies] INFO  o.e.m.c.i.l.LifecycleMappingFactory - Using org.maven.ide.eclipse.wtp.WarLifecycleMapping lifecycle mapping for MavenProject: com.liu.SSM:SSM_blog:0.0.1-SNAPSHOT @ /Users/wangmeng/Desktop/聊天文件/QQ/Blog-master/pom.xml.
2019-09-02 20:57:51,368 [Worker-7: 构建工作空间] INFO  o.e.m.c.i.l.LifecycleMappingFactory - Using org.maven.ide.eclipse.wtp.WarLifecycleMapping lifecycle mapping for MavenProject: com.liu.SSM:SSM_blog:0.0.1-SNAPSHOT @ /Users/wangmeng/Desktop/聊天文件/QQ/Blog-master/pom.xml.
2019-09-02 20:57:56,465 [Worker-7: 构建工作空间] WARN  o.e.m.c.i.embedder.EclipseLogger - Using platform encoding (UTF-8 actually) to copy filtered resources, i.e. build is platform dependent!
2019-09-02 20:57:56,477 [Worker-7: 构建工作空间] INFO  o.e.m.c.i.embedder.EclipseLogger - Copying 6 resources
2019-09-02 20:57:56,509 [Worker-7: 构建工作空间] WARN  o.e.m.c.i.embedder.EclipseLogger - Using platform encoding (UTF-8 actually) to copy filtered resources, i.e. build is platform dependent!
2019-09-02 20:57:56,511 [Worker-7: 构建工作空间] INFO  o.e.m.c.i.embedder.EclipseLogger - skip non existing resourceDirectory /Users/wangmeng/Desktop/聊天文件/QQ/Blog-master/src/test/resources
2019-09-02 20:57:59,008 [Worker-5: Updating Maven Dependencies] INFO  o.e.m.c.i.l.LifecycleMappingFactory - Using org.maven.ide.eclipse.wtp.WarLifecycleMapping lifecycle mapping for MavenProject: com.liu.SSM:SSM_blog:0.0.1-SNAPSHOT @ /Users/wangmeng/Desktop/聊天文件/QQ/Blog-master/pom.xml.
2019-09-02 20:58:00,031 [Worker-13: 构建工作空间] WARN  o.e.m.c.i.embedder.EclipseLogger - Using platform encoding (UTF-8 actually) to copy filtered resources, i.e. build is platform dependent!
2019-09-02 20:58:00,041 [Worker-13: 构建工作空间] INFO  o.e.m.c.i.embedder.EclipseLogger - Copying 6 resources
2019-09-02 20:58:00,058 [Worker-13: 构建工作空间] WARN  o.e.m.c.i.embedder.EclipseLogger - Using platform encoding (UTF-8 actually) to copy filtered resources, i.e. build is platform dependent!
2019-09-02 20:58:00,059 [Worker-13: 构建工作空间] INFO  o.e.m.c.i.embedder.EclipseLogger - skip non existing resourceDirectory /Users/wangmeng/Desktop/聊天文件/QQ/Blog-master/src/test/resources
2019-09-02 20:59:05,516 [Worker-5: 构建工作空间] WARN  o.e.m.c.i.embedder.EclipseLogger - Using platform encoding (UTF-8 actually) to copy filtered resources, i.e. build is platform dependent!
2019-09-02 20:59:05,519 [Worker-5: 构建工作空间] INFO  o.e.m.c.i.embedder.EclipseLogger - Copying 0 resource
2019-09-02 20:59:05,521 [Worker-5: 构建工作空间] WARN  o.e.m.c.i.embedder.EclipseLogger - Using platform encoding (UTF-8 actually) to copy filtered resources, i.e. build is platform dependent!
2019-09-02 20:59:05,523 [Worker-5: 构建工作空间] INFO  o.e.m.c.i.embedder.EclipseLogger - skip non existing resourceDirectory /Users/wangmeng/Desktop/聊天文件/QQ/Blog-master/src/test/resources
2019-09-02 21:04:27,703 [Worker-9: 构建工作空间] WARN  o.e.m.c.i.embedder.EclipseLogger - Using platform encoding (UTF-8 actually) to copy filtered resources, i.e. build is platform dependent!
2019-09-02 21:04:27,710 [Worker-9: 构建工作空间] INFO  o.e.m.c.i.embedder.EclipseLogger - Copying 1 resource
2019-09-02 21:04:27,712 [Worker-9: 构建工作空间] WARN  o.e.m.c.i.embedder.EclipseLogger - Using platform encoding (UTF-8 actually) to copy filtered resources, i.e. build is platform dependent!
2019-09-02 21:04:27,713 [Worker-9: 构建工作空间] INFO  o.e.m.c.i.embedder.EclipseLogger - skip non existing resourceDirectory /Users/wangmeng/Desktop/聊天文件/QQ/Blog-master/src/test/resources
2019-09-02 21:04:35,776 [Worker-19: 构建工作空间] WARN  o.e.m.c.i.embedder.EclipseLogger - Using platform encoding (UTF-8 actually) to copy filtered resources, i.e. build is platform dependent!
2019-09-02 21:04:35,777 [Worker-19: 构建工作空间] INFO  o.e.m.c.i.embedder.EclipseLogger - Copying 1 resource
2019-09-02 21:04:35,781 [Worker-19: 构建工作空间] WARN  o.e.m.c.i.embedder.EclipseLogger - Using platform encoding (UTF-8 actually) to copy filtered resources, i.e. build is platform dependent!
2019-09-02 21:04:35,782 [Worker-19: 构建工作空间] INFO  o.e.m.c.i.embedder.EclipseLogger - skip non existing resourceDirectory /Users/wangmeng/Desktop/聊天文件/QQ/Blog-master/src/test/resources
2019-09-02 21:12:42,800 [Worker-9: 构建工作空间] WARN  o.e.m.c.i.embedder.EclipseLogger - Using platform encoding (UTF-8 actually) to copy filtered resources, i.e. build is platform dependent!
2019-09-02 21:12:42,804 [Worker-9: 构建工作空间] INFO  o.e.m.c.i.embedder.EclipseLogger - Copying 1 resource
2019-09-02 21:12:42,808 [Worker-9: 构建工作空间] WARN  o.e.m.c.i.embedder.EclipseLogger - Using platform encoding (UTF-8 actually) to copy filtered resources, i.e. build is platform dependent!
2019-09-02 21:12:42,809 [Worker-9: 构建工作空间] INFO  o.e.m.c.i.embedder.EclipseLogger - skip non existing resourceDirectory /Users/wangmeng/Desktop/聊天文件/QQ/Blog-master/src/test/resources
2019-09-02 21:21:10,555 [Worker-5: Loading available Gradle versions] INFO  o.e.b.c.i.u.g.PublishedGradleVersions - Gradle version information cache is up-to-date. Trying to read.
2019-09-02 21:21:16,856 [Worker-12: 构建工作空间] WARN  o.e.m.c.i.embedder.EclipseLogger - Using platform encoding (UTF-8 actually) to copy filtered resources, i.e. build is platform dependent!
2019-09-02 21:21:16,869 [Worker-12: 构建工作空间] INFO  o.e.m.c.i.embedder.EclipseLogger - Copying 6 resources
2019-09-02 21:21:16,880 [Worker-12: 构建工作空间] WARN  o.e.m.c.i.embedder.EclipseLogger - Using platform encoding (UTF-8 actually) to copy filtered resources, i.e. build is platform dependent!
2019-09-02 21:21:16,882 [Worker-12: 构建工作空间] INFO  o.e.m.c.i.embedder.EclipseLogger - skip non existing resourceDirectory /Users/wangmeng/Desktop/聊天文件/QQ/Blog-master/src/test/resources
2019-09-03 20:52:26,933 [Worker-2: Loading available Gradle versions] INFO  o.e.b.c.i.u.g.PublishedGradleVersions - Gradle version information cache is out-of-date. Trying to update.
2019-09-03 20:52:34,222 [Worker-6: 构建工作空间] WARN  o.e.m.c.i.embedder.EclipseLogger - Using platform encoding (UTF-8 actually) to copy filtered resources, i.e. build is platform dependent!
2019-09-03 20:52:34,233 [Worker-6: 构建工作空间] INFO  o.e.m.c.i.embedder.EclipseLogger - Copying 6 resources
2019-09-03 20:52:34,247 [Worker-6: 构建工作空间] WARN  o.e.m.c.i.embedder.EclipseLogger - Using platform encoding (UTF-8 actually) to copy filtered resources, i.e. build is platform dependent!
2019-09-03 20:52:34,248 [Worker-6: 构建工作空间] INFO  o.e.m.c.i.embedder.EclipseLogger - skip non existing resourceDirectory /Users/wangmeng/Desktop/聊天文件/QQ/Blog-master/src/test/resources
2019-09-03 20:53:07,372 [Worker-10: Updating Maven Dependencies] INFO  o.e.m.c.i.l.LifecycleMappingFactory - Using org.maven.ide.eclipse.wtp.WarLifecycleMapping lifecycle mapping for MavenProject: core:com.giit.www.orderbook:1.0-SNAPSHOT @ /Users/wangmeng/JavaEE-workspace/tutoria/pom.xml.
2019-09-03 20:53:07,603 [Worker-4: 构建工作空间] INFO  o.e.m.c.i.l.LifecycleMappingFactory - Using org.maven.ide.eclipse.wtp.WarLifecycleMapping lifecycle mapping for MavenProject: core:com.giit.www.orderbook:1.0-SNAPSHOT @ /Users/wangmeng/JavaEE-workspace/tutoria/pom.xml.
2019-09-03 20:53:09,320 [Worker-4: 构建工作空间] WARN  o.e.m.c.i.embedder.EclipseLogger - Using platform encoding (UTF-8 actually) to copy filtered resources, i.e. build is platform dependent!
2019-09-03 20:53:09,323 [Worker-4: 构建工作空间] INFO  o.e.m.c.i.embedder.EclipseLogger - Copying 7 resources
2019-09-03 20:53:09,336 [Worker-4: 构建工作空间] INFO  o.e.m.c.i.embedder.EclipseLogger - Copying 12 resources
2019-09-03 20:53:09,351 [Worker-4: 构建工作空间] WARN  o.e.m.c.i.embedder.EclipseLogger - Using platform encoding (UTF-8 actually) to copy filtered resources, i.e. build is platform dependent!
2019-09-03 20:53:09,353 [Worker-4: 构建工作空间] INFO  o.e.m.c.i.embedder.EclipseLogger - skip non existing resourceDirectory /Users/wangmeng/JavaEE-workspace/tutoria/src/test/resources
2019-09-03 20:53:13,369 [Worker-11: 构建工作空间] WARN  o.e.m.c.i.embedder.EclipseLogger - Using platform encoding (UTF-8 actually) to copy filtered resources, i.e. build is platform dependent!
2019-09-03 20:53:13,375 [Worker-11: 构建工作空间] INFO  o.e.m.c.i.embedder.EclipseLogger - Copying 7 resources
2019-09-03 20:53:13,385 [Worker-11: 构建工作空间] INFO  o.e.m.c.i.embedder.EclipseLogger - Copying 12 resources
2019-09-03 20:53:13,400 [Worker-11: 构建工作空间] WARN  o.e.m.c.i.embedder.EclipseLogger - Using platform encoding (UTF-8 actually) to copy filtered resources, i.e. build is platform dependent!
2019-09-03 20:53:13,401 [Worker-11: 构建工作空间] INFO  o.e.m.c.i.embedder.EclipseLogger - skip non existing resourceDirectory /Users/wangmeng/JavaEE-workspace/tutoria/src/test/resources
2019-09-03 20:53:13,405 [Worker-1: Updating Maven Dependencies] INFO  o.e.m.c.i.l.LifecycleMappingFactory - Using org.maven.ide.eclipse.wtp.WarLifecycleMapping lifecycle mapping for MavenProject: core:com.giit.www.orderbook:1.0-SNAPSHOT @ /Users/wangmeng/JavaEE-workspace/tutoria/pom.xml.
2019-09-03 20:54:21,596 [Worker-5: 构建工作空间] WARN  o.e.m.c.i.embedder.EclipseLogger - Using platform encoding (UTF-8 actually) to copy filtered resources, i.e. build is platform dependent!
2019-09-03 20:54:21,600 [Worker-5: 构建工作空间] INFO  o.e.m.c.i.embedder.EclipseLogger - Copying 7 resources
2019-09-03 20:54:21,609 [Worker-5: 构建工作空间] INFO  o.e.m.c.i.embedder.EclipseLogger - Copying 12 resources
2019-09-03 20:54:21,621 [Worker-5: 构建工作空间] WARN  o.e.m.c.i.embedder.EclipseLogger - Using platform encoding (UTF-8 actually) to copy filtered resources, i.e. build is platform dependent!
2019-09-03 20:54:21,622 [Worker-5: 构建工作空间] INFO  o.e.m.c.i.embedder.EclipseLogger - skip non existing resourceDirectory /Users/wangmeng/JavaEE-workspace/tutoria/src/test/resources
2019-09-03 20:55:19,082 [Worker-14: 构建工作空间] WARN  o.e.m.c.i.embedder.EclipseLogger - Using platform encoding (UTF-8 actually) to copy filtered resources, i.e. build is platform dependent!
2019-09-03 20:55:19,083 [Worker-14: 构建工作空间] INFO  o.e.m.c.i.embedder.EclipseLogger - Copying 0 resource
2019-09-03 20:55:19,083 [Worker-14: 构建工作空间] INFO  o.e.m.c.i.embedder.EclipseLogger - Copying 0 resource
2019-09-03 20:55:19,085 [Worker-14: 构建工作空间] WARN  o.e.m.c.i.embedder.EclipseLogger - Using platform encoding (UTF-8 actually) to copy filtered resources, i.e. build is platform dependent!
2019-09-03 20:55:19,086 [Worker-14: 构建工作空间] INFO  o.e.m.c.i.embedder.EclipseLogger - skip non existing resourceDirectory /Users/wangmeng/JavaEE-workspace/tutoria/src/test/resources
2019-09-03 20:56:13,716 [Worker-19: 构建工作空间] WARN  o.e.m.c.i.embedder.EclipseLogger - Using platform encoding (UTF-8 actually) to copy filtered resources, i.e. build is platform dependent!
2019-09-03 20:56:13,719 [Worker-19: 构建工作空间] INFO  o.e.m.c.i.embedder.EclipseLogger - Copying 0 resource
2019-09-03 20:56:13,719 [Worker-19: 构建工作空间] INFO  o.e.m.c.i.embedder.EclipseLogger - Copying 0 resource
2019-09-03 20:56:13,721 [Worker-19: 构建工作空间] WARN  o.e.m.c.i.embedder.EclipseLogger - Using platform encoding (UTF-8 actually) to copy filtered resources, i.e. build is platform dependent!
2019-09-03 20:56:13,722 [Worker-19: 构建工作空间] INFO  o.e.m.c.i.embedder.EclipseLogger - skip non existing resourceDirectory /Users/wangmeng/JavaEE-workspace/tutoria/src/test/resources
2019-09-03 20:56:27,183 [Worker-6: 构建工作空间] WARN  o.e.m.c.i.embedder.EclipseLogger - Using platform encoding (UTF-8 actually) to copy filtered resources, i.e. build is platform dependent!
2019-09-03 20:56:27,184 [Worker-6: 构建工作空间] INFO  o.e.m.c.i.embedder.EclipseLogger - Copying 0 resource
2019-09-03 20:56:27,185 [Worker-6: 构建工作空间] INFO  o.e.m.c.i.embedder.EclipseLogger - Copying 0 resource
2019-09-03 20:56:27,187 [Worker-6: 构建工作空间] WARN  o.e.m.c.i.embedder.EclipseLogger - Using platform encoding (UTF-8 actually) to copy filtered resources, i.e. build is platform dependent!
2019-09-03 20:56:27,188 [Worker-6: 构建工作空间] INFO  o.e.m.c.i.embedder.EclipseLogger - skip non existing resourceDirectory /Users/wangmeng/JavaEE-workspace/tutoria/src/test/resources
2019-09-03 20:56:54,452 [Worker-17: 构建工作空间] WARN  o.e.m.c.i.embedder.EclipseLogger - Using platform encoding (UTF-8 actually) to copy filtered resources, i.e. build is platform dependent!
2019-09-03 20:56:54,455 [Worker-17: 构建工作空间] INFO  o.e.m.c.i.embedder.EclipseLogger - Copying 0 resource
2019-09-03 20:56:54,456 [Worker-17: 构建工作空间] INFO  o.e.m.c.i.embedder.EclipseLogger - Copying 0 resource
2019-09-03 20:56:54,459 [Worker-17: 构建工作空间] WARN  o.e.m.c.i.embedder.EclipseLogger - Using platform encoding (UTF-8 actually) to copy filtered resources, i.e. build is platform dependent!
2019-09-03 20:56:54,460 [Worker-17: 构建工作空间] INFO  o.e.m.c.i.embedder.EclipseLogger - skip non existing resourceDirectory /Users/wangmeng/JavaEE-workspace/tutoria/src/test/resources
2019-09-03 20:58:44,232 [Worker-7: 构建工作空间] WARN  o.e.m.c.i.embedder.EclipseLogger - Using platform encoding (UTF-8 actually) to copy filtered resources, i.e. build is platform dependent!
2019-09-03 20:58:44,234 [Worker-7: 构建工作空间] INFO  o.e.m.c.i.embedder.EclipseLogger - Copying 0 resource
2019-09-03 20:58:44,234 [Worker-7: 构建工作空间] INFO  o.e.m.c.i.embedder.EclipseLogger - Copying 0 resource
2019-09-03 20:58:44,238 [Worker-7: 构建工作空间] WARN  o.e.m.c.i.embedder.EclipseLogger - Using platform encoding (UTF-8 actually) to copy filtered resources, i.e. build is platform dependent!
2019-09-03 20:58:44,242 [Worker-7: 构建工作空间] INFO  o.e.m.c.i.embedder.EclipseLogger - skip non existing resourceDirectory /Users/wangmeng/JavaEE-workspace/tutoria/src/test/resources
2019-09-09 20:11:19,576 [Worker-9: Loading available Gradle versions] INFO  o.e.b.c.i.u.g.PublishedGradleVersions - Gradle version information cache is out-of-date. Trying to update.
2019-09-09 20:11:26,403 [Worker-17: 构建工作空间] WARN  o.e.m.c.i.embedder.EclipseLogger - Using platform encoding (UTF-8 actually) to copy filtered resources, i.e. build is platform dependent!
2019-09-09 20:11:26,428 [Worker-17: 构建工作空间] INFO  o.e.m.c.i.embedder.EclipseLogger - Copying 7 resources
2019-09-09 20:11:26,444 [Worker-17: 构建工作空间] INFO  o.e.m.c.i.embedder.EclipseLogger - Copying 12 resources
2019-09-09 20:11:26,452 [Worker-17: 构建工作空间] WARN  o.e.m.c.i.embedder.EclipseLogger - Using platform encoding (UTF-8 actually) to copy filtered resources, i.e. build is platform dependent!
2019-09-09 20:11:26,454 [Worker-17: 构建工作空间] INFO  o.e.m.c.i.embedder.EclipseLogger - skip non existing resourceDirectory /Users/wangmeng/JavaEE-workspace/tutoria/src/test/resources
2019-09-09 20:18:44,507 [Worker-1: Loading available Gradle versions] INFO  o.e.b.c.i.u.g.PublishedGradleVersions - Gradle version information cache is up-to-date. Trying to read.
2019-09-10 19:39:16,104 [Worker-4: Loading available Gradle versions] INFO  o.e.b.c.i.u.g.PublishedGradleVersions - Gradle version information cache is up-to-date. Trying to read.
2019-09-10 23:39:55,254 [Worker-10: Loading available Gradle versions] INFO  o.e.b.c.i.u.g.PublishedGradleVersions - Gradle version information cache is up-to-date. Trying to read.
2019-09-18 18:53:16,810 [Worker-2: Loading available Gradle versions] INFO  o.e.b.c.i.u.g.PublishedGradleVersions - Gradle version information cache is out-of-date. Trying to update.
2019-09-18 19:03:19,003 [Worker-0: Loading available Gradle versions] INFO  o.e.b.c.i.u.g.PublishedGradleVersions - Gradle version information cache is up-to-date. Trying to read.
2019-09-21 14:23:08,465 [Worker-11: Loading available Gradle versions] INFO  o.e.b.c.i.u.g.PublishedGradleVersions - Gradle version information cache is up-to-date. Trying to read.
2019-09-21 14:58:51,680 [Worker-8: Loading available Gradle versions] INFO  o.e.b.c.i.u.g.PublishedGradleVersions - Gradle version information cache is up-to-date. Trying to read.
2019-09-21 15:09:05,642 [Worker-2: Loading available Gradle versions] INFO  o.e.b.c.i.u.g.PublishedGradleVersions - Gradle version information cache is up-to-date. Trying to read.
2019-09-21 23:36:24,132 [Worker-9: Loading available Gradle versions] INFO  o.e.b.c.i.u.g.PublishedGradleVersions - Gradle version information cache is out-of-date. Trying to update.
2019-09-21 23:36:49,087 [Worker-9: Loading available Gradle versions] INFO  o.e.b.c.i.u.g.PublishedGradleVersions - Updating Gradle version information cache failed. Using outdated cache.
2019-10-03 22:54:16,256 [Worker-1: Loading available Gradle versions] INFO  o.e.b.c.i.u.g.PublishedGradleVersions - Gradle version information cache is out-of-date. Trying to update.
2019-10-03 22:58:57,229 [Worker-7: Loading available Gradle versions] INFO  o.e.b.c.i.u.g.PublishedGradleVersions - Gradle version information cache is up-to-date. Trying to read.
2019-10-03 23:00:43,160 [Worker-8: Loading available Gradle versions] INFO  o.e.b.c.i.u.g.PublishedGradleVersions - Gradle version information cache is up-to-date. Trying to read.
2019-10-03 23:04:18,178 [Worker-4: Loading available Gradle versions] INFO  o.e.b.c.i.u.g.PublishedGradleVersions - Gradle version information cache is up-to-date. Trying to read.
2019-10-03 23:05:35,727 [Worker-3: Loading available Gradle versions] INFO  o.e.b.c.i.u.g.PublishedGradleVersions - Gradle version information cache is up-to-date. Trying to read.
2019-10-04 10:36:45,118 [Worker-8: Loading available Gradle versions] INFO  o.e.b.c.i.u.g.PublishedGradleVersions - Gradle version information cache is up-to-date. Trying to read.
2019-10-04 14:02:54,357 [Worker-5: Loading available Gradle versions] INFO  o.e.b.c.i.u.g.PublishedGradleVersions - Gradle version information cache is up-to-date. Trying to read.
2019-10-04 21:51:26,826 [Worker-2: Loading available Gradle versions] INFO  o.e.b.c.i.u.g.PublishedGradleVersions - Gradle version information cache is up-to-date. Trying to read.
2019-10-05 09:24:42,938 [Worker-0: Loading available Gradle versions] INFO  o.e.b.c.i.u.g.PublishedGradleVersions - Gradle version information cache is out-of-date. Trying to update.
2019-10-05 10:37:40,559 [Worker-5: Loading available Gradle versions] INFO  o.e.b.c.i.u.g.PublishedGradleVersions - Gradle version information cache is up-to-date. Trying to read.
2019-10-05 13:35:37,816 [Worker-6: Loading available Gradle versions] INFO  o.e.b.c.i.u.g.PublishedGradleVersions - Gradle version information cache is up-to-date. Trying to read.
2019-10-05 20:23:35,588 [Worker-5: Loading available Gradle versions] INFO  o.e.b.c.i.u.g.PublishedGradleVersions - Gradle version information cache is up-to-date. Trying to read.
2019-10-06 10:54:16,914 [Worker-1: Loading available Gradle versions] INFO  o.e.b.c.i.u.g.PublishedGradleVersions - Gradle version information cache is out-of-date. Trying to update.
2019-10-06 18:10:49,568 [Worker-9: Loading available Gradle versions] INFO  o.e.b.c.i.u.g.PublishedGradleVersions - Gradle version information cache is up-to-date. Trying to read.
